<?xml version="1.0" encoding="UTF-8"?>
<testsuite name="com.cointribe.communication.preferences.controller.PreferencesControllerTest" time="0.021" tests="1" errors="1" skipped="0" failures="0">
  <properties>
[...]
</properties>
  <testcase name="initializationError" classname="com.cointribe.communication.preferences.controller.PreferencesControllerTest" time="0.021">
    <error message="Unable to find a @SpringBootConfiguration, you need to use @ContextConfiguration or @SpringBootTest(classes=...) with your test" type="java.lang.IllegalStateException"><![CDATA[java.lang.IllegalStateException: Unable to find a @SpringBootConfiguration, you need to use @ContextConfiguration or @SpringBootTest(classes=...) with your test
	at org.springframework.util.Assert.state(Assert.java:392)
	at org.springframework.boot.test.context.SpringBootTestContextBootstrapper.getOrFindConfigurationClasses(SpringBootTestContextBootstrapper.java:173)
	at org.springframework.boot.test.context.SpringBootTestContextBootstrapper.processMergedContextConfiguration(SpringBootTestContextBootstrapper.java:133)
	at org.springframework.boot.test.autoconfigure.web.servlet.WebMvcTestContextBootstrapper.processMergedContextConfiguration(WebMvcTestContextBootstrapper.java:35)
	at org.springframework.test.context.support.AbstractTestContextBootstrapper.buildMergedContextConfiguration(AbstractTestContextBootstrapper.java:409)
	at org.springframework.test.context.support.AbstractTestContextBootstrapper.buildDefaultMergedContextConfiguration(AbstractTestContextBootstrapper.java:323)
	at org.springframework.test.context.support.AbstractTestContextBootstrapper.buildMergedContextConfiguration(AbstractTestContextBootstrapper.java:277)
	at org.springframework.test.context.support.AbstractTestContextBootstrapper.buildTestContext(AbstractTestContextBootstrapper.java:112)
	at org.springframework.boot.test.context.SpringBootTestContextBootstrapper.buildTestContext(SpringBootTestContextBootstrapper.java:78)
	at org.springframework.test.context.TestContextManager.<init>(TestContextManager.java:120)
	at org.springframework.test.context.TestContextManager.<init>(TestContextManager.java:105)
	at org.springframework.test.context.junit4.SpringJUnit4ClassRunner.createTestContextManager(SpringJUnit4ClassRunner.java:152)
	at org.springframework.test.context.junit4.SpringJUnit4ClassRunner.<init>(SpringJUnit4ClassRunner.java:143)
	at org.springframework.test.context.junit4.SpringRunner.<init>(SpringRunner.java:49)
	at sun.reflect.NativeConstructorAccessorImpl.newInstance0(Native Method)
	at sun.reflect.NativeConstructorAccessorImpl.newInstance(NativeConstructorAccessorImpl.java:62)
	at sun.reflect.DelegatingConstructorAccessorImpl.newInstance(DelegatingConstructorAccessorImpl.java:45)
	at java.lang.reflect.Constructor.newInstance(Constructor.java:422)
	at org.junit.internal.builders.AnnotatedBuilder.buildRunner(AnnotatedBuilder.java:104)
	at org.junit.internal.builders.AnnotatedBuilder.runnerForClass(AnnotatedBuilder.java:86)
	at org.junit.runners.model.RunnerBuilder.safeRunnerForClass(RunnerBuilder.java:59)
	at org.junit.internal.builders.AllDefaultPossibilitiesBuilder.runnerForClass(AllDefaultPossibilitiesBuilder.java:26)
	at org.junit.runners.model.RunnerBuilder.safeRunnerForClass(RunnerBuilder.java:59)
	at org.junit.internal.requests.ClassRequest.getRunner(ClassRequest.java:33)
	at org.apache.maven.surefire.junit4.JUnit4Provider.execute(JUnit4Provider.java:283)
	at org.apache.maven.surefire.junit4.JUnit4Provider.executeWithRerun(JUnit4Provider.java:173)
	at org.apache.maven.surefire.junit4.JUnit4Provider.executeTestSet(JUnit4Provider.java:153)
	at org.apache.maven.surefire.junit4.JUnit4Provider.invoke(JUnit4Provider.java:128)
	at org.apache.maven.surefire.booter.ForkedBooter.invokeProviderInSameClassLoader(ForkedBooter.java:203)
	at org.apache.maven.surefire.booter.ForkedBooter.runSuitesInProcess(ForkedBooter.java:155)
	at org.apache.maven.surefire.booter.ForkedBooter.main(ForkedBooter.java:103)
]]></error>
    <system-out><![CDATA[04:02:53.111 [main] DEBUG org.springframework.test.context.junit4.SpringJUnit4ClassRunner - SpringJUnit4ClassRunner constructor called with [class com.cointribe.communication.preferences.controller.PreferencesControllerTest]
04:02:53.127 [main] DEBUG org.springframework.test.context.BootstrapUtils - Instantiating CacheAwareContextLoaderDelegate from class [org.springframework.test.context.cache.DefaultCacheAwareContextLoaderDelegate]
04:02:53.169 [main] DEBUG org.springframework.test.context.BootstrapUtils - Instantiating BootstrapContext using constructor [public org.springframework.test.context.support.DefaultBootstrapContext(java.lang.Class,org.springframework.test.context.CacheAwareContextLoaderDelegate)]
04:02:53.213 [main] DEBUG org.springframework.test.context.BootstrapUtils - Instantiating TestContextBootstrapper for test class [com.cointribe.communication.preferences.controller.PreferencesControllerTest] from class [org.springframework.boot.test.autoconfigure.web.servlet.WebMvcTestContextBootstrapper]
04:02:53.285 [main] INFO org.springframework.boot.test.autoconfigure.web.servlet.WebMvcTestContextBootstrapper - Neither @ContextConfiguration nor @ContextHierarchy found for test class [com.cointribe.communication.preferences.controller.PreferencesControllerTest], using SpringBootContextLoader
04:02:53.297 [main] DEBUG org.springframework.test.context.support.AbstractContextLoader - Did not detect default resource location for test class [com.cointribe.communication.preferences.controller.PreferencesControllerTest]: class path resource [com/cointribe/communication/preferences/controller/PreferencesControllerTest-context.xml] does not exist
04:02:53.297 [main] DEBUG org.springframework.test.context.support.AbstractContextLoader - Did not detect default resource location for test class [com.cointribe.communication.preferences.controller.PreferencesControllerTest]: class path resource [com/cointribe/communication/preferences/controller/PreferencesControllerTestContext.groovy] does not exist
04:02:53.299 [main] INFO org.springframework.test.context.support.AbstractContextLoader - Could not detect default resource locations for test class [com.cointribe.communication.preferences.controller.PreferencesControllerTest]: no resource found for suffixes {-context.xml, Context.groovy}.
04:02:53.303 [main] INFO org.springframework.test.context.support.AnnotationConfigContextLoaderUtils - Could not detect default configuration classes for test class [com.cointribe.communication.preferences.controller.PreferencesControllerTest]: PreferencesControllerTest does not declare any static, non-private, non-final, nested classes annotated with @Configuration.
04:02:53.425 [main] DEBUG org.springframework.test.context.support.ActiveProfilesUtils - Could not find an 'annotation declaring class' for annotation type [org.springframework.test.context.ActiveProfiles] and class [com.cointribe.communication.preferences.controller.PreferencesControllerTest]
04:02:53.503 [main] DEBUG org.springframework.core.env.StandardEnvironment - Adding [systemProperties] PropertySource with lowest search precedence
04:02:53.503 [main] DEBUG org.springframework.core.env.StandardEnvironment - Adding [systemEnvironment] PropertySource with lowest search precedence
04:02:53.504 [main] DEBUG org.springframework.core.env.StandardEnvironment - Initialized StandardEnvironment with PropertySources [systemProperties,systemEnvironment]
04:02:53.525 [main] DEBUG org.springframework.core.io.support.PathMatchingResourcePatternResolver - Resolved classpath location [com/cointribe/communication/preferences/controller/] to resources [URL [file:/E:/Softwares/springboot/boot-workspace/preferences/target/test-classes/com/cointribe/communication/preferences/controller/], URL [file:/E:/Softwares/springboot/boot-workspace/preferences/target/classes/com/cointribe/communication/preferences/controller/]]
04:02:53.526 [main] DEBUG org.springframework.core.io.support.PathMatchingResourcePatternResolver - Looking for matching resources in directory tree [E:\Softwares\springboot\boot-workspace\preferences\target\test-classes\com\cointribe\communication\preferences\controller]
04:02:53.527 [main] DEBUG org.springframework.core.io.support.PathMatchingResourcePatternResolver - Searching directory [E:\Softwares\springboot\boot-workspace\preferences\target\test-classes\com\cointribe\communication\preferences\controller] for files matching pattern [E:/Softwares/springboot/boot-workspace/preferences/target/test-classes/com/cointribe/communication/preferences/controller/*.class]
04:02:53.533 [main] DEBUG org.springframework.core.io.support.PathMatchingResourcePatternResolver - Looking for matching resources in directory tree [E:\Softwares\springboot\boot-workspace\preferences\target\classes\com\cointribe\communication\preferences\controller]
04:02:53.534 [main] DEBUG org.springframework.core.io.support.PathMatchingResourcePatternResolver - Searching directory [E:\Softwares\springboot\boot-workspace\preferences\target\classes\com\cointribe\communication\preferences\controller] for files matching pattern [E:/Softwares/springboot/boot-workspace/preferences/target/classes/com/cointribe/communication/preferences/controller/*.class]
04:02:53.535 [main] DEBUG org.springframework.core.io.support.PathMatchingResourcePatternResolver - Resolved location pattern [classpath*:com/cointribe/communication/preferences/controller/*.class] to resources [file [E:\Softwares\springboot\boot-workspace\preferences\target\test-classes\com\cointribe\communication\preferences\controller\PreferencesControllerTest.class], file [E:\Softwares\springboot\boot-workspace\preferences\target\classes\com\cointribe\communication\preferences\controller\PreferencesController.class]]
04:02:53.593 [main] DEBUG org.springframework.core.io.support.PathMatchingResourcePatternResolver - Resolved classpath location [com/cointribe/communication/preferences/] to resources [URL [file:/E:/Softwares/springboot/boot-workspace/preferences/target/test-classes/com/cointribe/communication/preferences/], URL [file:/E:/Softwares/springboot/boot-workspace/preferences/target/classes/com/cointribe/communication/preferences/]]
04:02:53.594 [main] DEBUG org.springframework.core.io.support.PathMatchingResourcePatternResolver - Looking for matching resources in directory tree [E:\Softwares\springboot\boot-workspace\preferences\target\test-classes\com\cointribe\communication\preferences]
04:02:53.594 [main] DEBUG org.springframework.core.io.support.PathMatchingResourcePatternResolver - Searching directory [E:\Softwares\springboot\boot-workspace\preferences\target\test-classes\com\cointribe\communication\preferences] for files matching pattern [E:/Softwares/springboot/boot-workspace/preferences/target/test-classes/com/cointribe/communication/preferences/*.class]
04:02:53.597 [main] DEBUG org.springframework.core.io.support.PathMatchingResourcePatternResolver - Looking for matching resources in directory tree [E:\Softwares\springboot\boot-workspace\preferences\target\classes\com\cointribe\communication\preferences]
04:02:53.597 [main] DEBUG org.springframework.core.io.support.PathMatchingResourcePatternResolver - Searching directory [E:\Softwares\springboot\boot-workspace\preferences\target\classes\com\cointribe\communication\preferences] for files matching pattern [E:/Softwares/springboot/boot-workspace/preferences/target/classes/com/cointribe/communication/preferences/*.class]
04:02:53.601 [main] DEBUG org.springframework.core.io.support.PathMatchingResourcePatternResolver - Resolved location pattern [classpath*:com/cointribe/communication/preferences/*.class] to resources []
04:02:53.602 [main] DEBUG org.springframework.core.io.support.PathMatchingResourcePatternResolver - Resolved classpath location [com/cointribe/communication/] to resources [URL [file:/E:/Softwares/springboot/boot-workspace/preferences/target/test-classes/com/cointribe/communication/], URL [file:/E:/Softwares/springboot/boot-workspace/preferences/target/classes/com/cointribe/communication/]]
04:02:53.602 [main] DEBUG org.springframework.core.io.support.PathMatchingResourcePatternResolver - Looking for matching resources in directory tree [E:\Softwares\springboot\boot-workspace\preferences\target\test-classes\com\cointribe\communication]
04:02:53.603 [main] DEBUG org.springframework.core.io.support.PathMatchingResourcePatternResolver - Searching directory [E:\Softwares\springboot\boot-workspace\preferences\target\test-classes\com\cointribe\communication] for files matching pattern [E:/Softwares/springboot/boot-workspace/preferences/target/test-classes/com/cointribe/communication/*.class]
04:02:53.604 [main] DEBUG org.springframework.core.io.support.PathMatchingResourcePatternResolver - Looking for matching resources in directory tree [E:\Softwares\springboot\boot-workspace\preferences\target\classes\com\cointribe\communication]
04:02:53.604 [main] DEBUG org.springframework.core.io.support.PathMatchingResourcePatternResolver - Searching directory [E:\Softwares\springboot\boot-workspace\preferences\target\classes\com\cointribe\communication] for files matching pattern [E:/Softwares/springboot/boot-workspace/preferences/target/classes/com/cointribe/communication/*.class]
04:02:53.606 [main] DEBUG org.springframework.core.io.support.PathMatchingResourcePatternResolver - Resolved location pattern [classpath*:com/cointribe/communication/*.class] to resources []
04:02:53.607 [main] DEBUG org.springframework.core.io.support.PathMatchingResourcePatternResolver - Resolved classpath location [com/cointribe/] to resources [URL [file:/E:/Softwares/springboot/boot-workspace/preferences/target/test-classes/com/cointribe/], URL [file:/E:/Softwares/springboot/boot-workspace/preferences/target/classes/com/cointribe/]]
04:02:53.607 [main] DEBUG org.springframework.core.io.support.PathMatchingResourcePatternResolver - Looking for matching resources in directory tree [E:\Softwares\springboot\boot-workspace\preferences\target\test-classes\com\cointribe]
04:02:53.607 [main] DEBUG org.springframework.core.io.support.PathMatchingResourcePatternResolver - Searching directory [E:\Softwares\springboot\boot-workspace\preferences\target\test-classes\com\cointribe] for files matching pattern [E:/Softwares/springboot/boot-workspace/preferences/target/test-classes/com/cointribe/*.class]
04:02:53.608 [main] DEBUG org.springframework.core.io.support.PathMatchingResourcePatternResolver - Looking for matching resources in directory tree [E:\Softwares\springboot\boot-workspace\preferences\target\classes\com\cointribe]
04:02:53.609 [main] DEBUG org.springframework.core.io.support.PathMatchingResourcePatternResolver - Searching directory [E:\Softwares\springboot\boot-workspace\preferences\target\classes\com\cointribe] for files matching pattern [E:/Softwares/springboot/boot-workspace/preferences/target/classes/com/cointribe/*.class]
04:02:53.610 [main] DEBUG org.springframework.core.io.support.PathMatchingResourcePatternResolver - Resolved location pattern [classpath*:com/cointribe/*.class] to resources []
04:02:53.613 [main] DEBUG org.springframework.core.io.support.PathMatchingResourcePatternResolver - Resolved classpath location [com/] to resources [URL [file:/E:/Softwares/springboot/boot-workspace/preferences/target/test-classes/com/], URL [file:/E:/Softwares/springboot/boot-workspace/preferences/target/classes/com/], URL [jar:file:/C:/Users/a.ikball/.m2/repository/com/fasterxml/classmate/1.3.3/classmate-1.3.3.jar!/com/], URL [jar:file:/C:/Users/a.ikball/.m2/repository/com/fasterxml/jackson/core/jackson-databind/2.8.4/jackson-databind-2.8.4.jar!/com/], URL [jar:file:/C:/Users/a.ikball/.m2/repository/com/fasterxml/jackson/core/jackson-annotations/2.8.4/jackson-annotations-2.8.4.jar!/com/], URL [jar:file:/C:/Users/a.ikball/.m2/repository/com/fasterxml/jackson/core/jackson-core/2.8.4/jackson-core-2.8.4.jar!/com/], URL [jar:file:/C:/Users/a.ikball/.m2/repository/mysql/mysql-connector-java/5.1.40/mysql-connector-java-5.1.40.jar!/com/], URL [jar:file:/C:/Users/a.ikball/.m2/repository/com/jayway/jsonpath/json-path/2.2.0/json-path-2.2.0.jar!/com/]]
04:02:53.615 [main] DEBUG org.springframework.core.io.support.PathMatchingResourcePatternResolver - Looking for matching resources in directory tree [E:\Softwares\springboot\boot-workspace\preferences\target\test-classes\com]
04:02:53.615 [main] DEBUG org.springframework.core.io.support.PathMatchingResourcePatternResolver - Searching directory [E:\Softwares\springboot\boot-workspace\preferences\target\test-classes\com] for files matching pattern [E:/Softwares/springboot/boot-workspace/preferences/target/test-classes/com/*.class]
04:02:53.617 [main] DEBUG org.springframework.core.io.support.PathMatchingResourcePatternResolver - Looking for matching resources in directory tree [E:\Softwares\springboot\boot-workspace\preferences\target\classes\com]
04:02:53.617 [main] DEBUG org.springframework.core.io.support.PathMatchingResourcePatternResolver - Searching directory [E:\Softwares\springboot\boot-workspace\preferences\target\classes\com] for files matching pattern [E:/Softwares/springboot/boot-workspace/preferences/target/classes/com/*.class]
04:02:53.618 [main] DEBUG org.springframework.core.io.support.PathMatchingResourcePatternResolver - Looking for matching resources in jar file [file:/C:/Users/a.ikball/.m2/repository/com/fasterxml/classmate/1.3.3/classmate-1.3.3.jar]
04:02:53.621 [main] DEBUG org.springframework.core.io.support.PathMatchingResourcePatternResolver - Looking for matching resources in jar file [file:/C:/Users/a.ikball/.m2/repository/com/fasterxml/jackson/core/jackson-databind/2.8.4/jackson-databind-2.8.4.jar]
04:02:53.642 [main] DEBUG org.springframework.core.io.support.PathMatchingResourcePatternResolver - Looking for matching resources in jar file [file:/C:/Users/a.ikball/.m2/repository/com/fasterxml/jackson/core/jackson-annotations/2.8.4/jackson-annotations-2.8.4.jar]
04:02:53.644 [main] DEBUG org.springframework.core.io.support.PathMatchingResourcePatternResolver - Looking for matching resources in jar file [file:/C:/Users/a.ikball/.m2/repository/com/fasterxml/jackson/core/jackson-core/2.8.4/jackson-core-2.8.4.jar]
04:02:53.652 [main] DEBUG org.springframework.core.io.support.PathMatchingResourcePatternResolver - Looking for matching resources in jar file [file:/C:/Users/a.ikball/.m2/repository/mysql/mysql-connector-java/5.1.40/mysql-connector-java-5.1.40.jar]
04:02:53.658 [main] DEBUG org.springframework.core.io.support.PathMatchingResourcePatternResolver - Looking for matching resources in jar file [file:/C:/Users/a.ikball/.m2/repository/com/jayway/jsonpath/json-path/2.2.0/json-path-2.2.0.jar]
04:02:53.661 [main] DEBUG org.springframework.core.io.support.PathMatchingResourcePatternResolver - Resolved location pattern [classpath*:com/*.class] to resources []
04:02:53.665 [main] DEBUG org.springframework.test.context.junit4.SpringJUnit4ClassRunner - SpringJUnit4ClassRunner constructor called with [class com.cointribe.communication.preferences.preferences.PreferencesApplicationTests]
04:02:53.666 [main] DEBUG org.springframework.test.context.BootstrapUtils - Instantiating CacheAwareContextLoaderDelegate from class [org.springframework.test.context.cache.DefaultCacheAwareContextLoaderDelegate]
04:02:53.667 [main] DEBUG org.springframework.test.context.BootstrapUtils - Instantiating BootstrapContext using constructor [public org.springframework.test.context.support.DefaultBootstrapContext(java.lang.Class,org.springframework.test.context.CacheAwareContextLoaderDelegate)]
04:02:53.671 [main] DEBUG org.springframework.test.context.BootstrapUtils - Instantiating TestContextBootstrapper for test class [com.cointribe.communication.preferences.preferences.PreferencesApplicationTests] from class [org.springframework.boot.test.context.SpringBootTestContextBootstrapper]
04:02:53.672 [main] INFO org.springframework.boot.test.context.SpringBootTestContextBootstrapper - Neither @ContextConfiguration nor @ContextHierarchy found for test class [com.cointribe.communication.preferences.preferences.PreferencesApplicationTests], using SpringBootContextLoader
04:02:53.674 [main] DEBUG org.springframework.test.context.support.AbstractContextLoader - Did not detect default resource location for test class [com.cointribe.communication.preferences.preferences.PreferencesApplicationTests]: class path resource [com/cointribe/communication/preferences/preferences/PreferencesApplicationTests-context.xml] does not exist
04:02:53.676 [main] DEBUG org.springframework.test.context.support.AbstractContextLoader - Did not detect default resource location for test class [com.cointribe.communication.preferences.preferences.PreferencesApplicationTests]: class path resource [com/cointribe/communication/preferences/preferences/PreferencesApplicationTestsContext.groovy] does not exist
04:02:53.676 [main] INFO org.springframework.test.context.support.AbstractContextLoader - Could not detect default resource locations for test class [com.cointribe.communication.preferences.preferences.PreferencesApplicationTests]: no resource found for suffixes {-context.xml, Context.groovy}.
04:02:53.677 [main] INFO org.springframework.test.context.support.AnnotationConfigContextLoaderUtils - Could not detect default configuration classes for test class [com.cointribe.communication.preferences.preferences.PreferencesApplicationTests]: PreferencesApplicationTests does not declare any static, non-private, non-final, nested classes annotated with @Configuration.
04:02:53.691 [main] DEBUG org.springframework.test.context.support.ActiveProfilesUtils - Could not find an 'annotation declaring class' for annotation type [org.springframework.test.context.ActiveProfiles] and class [com.cointribe.communication.preferences.preferences.PreferencesApplicationTests]
04:02:53.694 [main] DEBUG org.springframework.core.env.StandardEnvironment - Adding [systemProperties] PropertySource with lowest search precedence
04:02:53.694 [main] DEBUG org.springframework.core.env.StandardEnvironment - Adding [systemEnvironment] PropertySource with lowest search precedence
04:02:53.696 [main] DEBUG org.springframework.core.env.StandardEnvironment - Initialized StandardEnvironment with PropertySources [systemProperties,systemEnvironment]
04:02:53.698 [main] DEBUG org.springframework.core.io.support.PathMatchingResourcePatternResolver - Resolved classpath location [com/cointribe/communication/preferences/preferences/] to resources [URL [file:/E:/Softwares/springboot/boot-workspace/preferences/target/test-classes/com/cointribe/communication/preferences/preferences/], URL [file:/E:/Softwares/springboot/boot-workspace/preferences/target/classes/com/cointribe/communication/preferences/preferences/]]
04:02:53.698 [main] DEBUG org.springframework.core.io.support.PathMatchingResourcePatternResolver - Looking for matching resources in directory tree [E:\Softwares\springboot\boot-workspace\preferences\target\test-classes\com\cointribe\communication\preferences\preferences]
04:02:53.699 [main] DEBUG org.springframework.core.io.support.PathMatchingResourcePatternResolver - Searching directory [E:\Softwares\springboot\boot-workspace\preferences\target\test-classes\com\cointribe\communication\preferences\preferences] for files matching pattern [E:/Softwares/springboot/boot-workspace/preferences/target/test-classes/com/cointribe/communication/preferences/preferences/*.class]
04:02:53.702 [main] DEBUG org.springframework.core.io.support.PathMatchingResourcePatternResolver - Looking for matching resources in directory tree [E:\Softwares\springboot\boot-workspace\preferences\target\classes\com\cointribe\communication\preferences\preferences]
04:02:53.702 [main] DEBUG org.springframework.core.io.support.PathMatchingResourcePatternResolver - Searching directory [E:\Softwares\springboot\boot-workspace\preferences\target\classes\com\cointribe\communication\preferences\preferences] for files matching pattern [E:/Softwares/springboot/boot-workspace/preferences/target/classes/com/cointribe/communication/preferences/preferences/*.class]
04:02:53.703 [main] DEBUG org.springframework.core.io.support.PathMatchingResourcePatternResolver - Resolved location pattern [classpath*:com/cointribe/communication/preferences/preferences/*.class] to resources [file [E:\Softwares\springboot\boot-workspace\preferences\target\test-classes\com\cointribe\communication\preferences\preferences\PreferencesApplicationTests.class], file [E:\Softwares\springboot\boot-workspace\preferences\target\classes\com\cointribe\communication\preferences\preferences\PreferencesApplication.class]]
04:02:53.770 [main] DEBUG org.springframework.context.annotation.ClassPathScanningCandidateComponentProvider - Identified candidate component class: file [E:\Softwares\springboot\boot-workspace\preferences\target\classes\com\cointribe\communication\preferences\preferences\PreferencesApplication.class]
04:02:53.772 [main] INFO org.springframework.boot.test.context.SpringBootTestContextBootstrapper - Found @SpringBootConfiguration com.cointribe.communication.preferences.preferences.PreferencesApplication for test class com.cointribe.communication.preferences.preferences.PreferencesApplicationTests
04:02:53.778 [main] DEBUG org.springframework.boot.test.context.SpringBootTestContextBootstrapper - @TestExecutionListeners is not present for class [com.cointribe.communication.preferences.preferences.PreferencesApplicationTests]: using defaults.
04:02:53.786 [main] INFO org.springframework.boot.test.context.SpringBootTestContextBootstrapper - Loaded default TestExecutionListener class names from location [META-INF/spring.factories]: [org.springframework.boot.test.mock.mockito.MockitoTestExecutionListener, org.springframework.boot.test.mock.mockito.ResetMocksTestExecutionListener, org.springframework.boot.test.autoconfigure.restdocs.RestDocsTestExecutionListener, org.springframework.boot.test.autoconfigure.web.client.MockRestServiceServerResetTestExecutionListener, org.springframework.boot.test.autoconfigure.web.servlet.MockMvcPrintOnlyOnFailureTestExecutionListener, org.springframework.boot.test.autoconfigure.web.servlet.WebDriverTestExecutionListener, org.springframework.test.context.web.ServletTestExecutionListener, org.springframework.test.context.support.DirtiesContextBeforeModesTestExecutionListener, org.springframework.test.context.support.DependencyInjectionTestExecutionListener, org.springframework.test.context.support.DirtiesContextTestExecutionListener, org.springframework.test.context.transaction.TransactionalTestExecutionListener, org.springframework.test.context.jdbc.SqlScriptsTestExecutionListener]
04:02:53.844 [main] INFO org.springframework.boot.test.context.SpringBootTestContextBootstrapper - Using TestExecutionListeners: [org.springframework.test.context.web.ServletTestExecutionListener@19bb07ed, org.springframework.test.context.support.DirtiesContextBeforeModesTestExecutionListener@10e41621, org.springframework.boot.test.autoconfigure.SpringBootDependencyInjectionTestExecutionListener@353d0772, org.springframework.test.context.support.DirtiesContextTestExecutionListener@2667f029, org.springframework.test.context.transaction.TransactionalTestExecutionListener@67a20f67, org.springframework.test.context.jdbc.SqlScriptsTestExecutionListener@57c758ac, org.springframework.boot.test.mock.mockito.ResetMocksTestExecutionListener@a9cd3b1, org.springframework.boot.test.autoconfigure.web.servlet.MockMvcPrintOnlyOnFailureTestExecutionListener@13e39c73, org.springframework.boot.test.mock.mockito.MockitoTestExecutionListener@64cd705f, org.springframework.boot.test.autoconfigure.restdocs.RestDocsTestExecutionListener@9225652, org.springframework.boot.test.autoconfigure.web.client.MockRestServiceServerResetTestExecutionListener@654f0d9c, org.springframework.boot.test.autoconfigure.web.servlet.WebDriverTestExecutionListener@6a400542]
04:02:53.849 [main] DEBUG org.springframework.test.annotation.ProfileValueUtils - Retrieved @ProfileValueSourceConfiguration [null] for test class [com.cointribe.communication.preferences.preferences.PreferencesApplicationTests]
04:02:53.850 [main] DEBUG org.springframework.test.annotation.ProfileValueUtils - Retrieved ProfileValueSource type [class org.springframework.test.annotation.SystemProfileValueSource] for class [com.cointribe.communication.preferences.preferences.PreferencesApplicationTests]
04:02:53.854 [main] DEBUG org.springframework.test.context.junit4.SpringJUnit4ClassRunner - SpringJUnit4ClassRunner constructor called with [class com.cointribe.communication.preferences.controller.PreferencesControllerTest]
04:02:53.855 [main] DEBUG org.springframework.test.context.BootstrapUtils - Instantiating CacheAwareContextLoaderDelegate from class [org.springframework.test.context.cache.DefaultCacheAwareContextLoaderDelegate]
04:02:53.855 [main] DEBUG org.springframework.test.context.BootstrapUtils - Instantiating BootstrapContext using constructor [public org.springframework.test.context.support.DefaultBootstrapContext(java.lang.Class,org.springframework.test.context.CacheAwareContextLoaderDelegate)]
04:02:53.856 [main] DEBUG org.springframework.test.context.BootstrapUtils - Instantiating TestContextBootstrapper for test class [com.cointribe.communication.preferences.controller.PreferencesControllerTest] from class [org.springframework.boot.test.autoconfigure.web.servlet.WebMvcTestContextBootstrapper]
04:02:53.860 [main] INFO org.springframework.boot.test.autoconfigure.web.servlet.WebMvcTestContextBootstrapper - Neither @ContextConfiguration nor @ContextHierarchy found for test class [com.cointribe.communication.preferences.controller.PreferencesControllerTest], using SpringBootContextLoader
04:02:53.864 [main] DEBUG org.springframework.test.context.support.AbstractContextLoader - Did not detect default resource location for test class [com.cointribe.communication.preferences.controller.PreferencesControllerTest]: class path resource [com/cointribe/communication/preferences/controller/PreferencesControllerTest-context.xml] does not exist
04:02:53.865 [main] DEBUG org.springframework.test.context.support.AbstractContextLoader - Did not detect default resource location for test class [com.cointribe.communication.preferences.controller.PreferencesControllerTest]: class path resource [com/cointribe/communication/preferences/controller/PreferencesControllerTestContext.groovy] does not exist
04:02:53.866 [main] INFO org.springframework.test.context.support.AbstractContextLoader - Could not detect default resource locations for test class [com.cointribe.communication.preferences.controller.PreferencesControllerTest]: no resource found for suffixes {-context.xml, Context.groovy}.
04:02:53.866 [main] INFO org.springframework.test.context.support.AnnotationConfigContextLoaderUtils - Could not detect default configuration classes for test class [com.cointribe.communication.preferences.controller.PreferencesControllerTest]: PreferencesControllerTest does not declare any static, non-private, non-final, nested classes annotated with @Configuration.
04:02:53.887 [main] DEBUG org.springframework.test.context.support.ActiveProfilesUtils - Could not find an 'annotation declaring class' for annotation type [org.springframework.test.context.ActiveProfiles] and class [com.cointribe.communication.preferences.controller.PreferencesControllerTest]
04:02:53.889 [main] DEBUG org.springframework.core.env.StandardEnvironment - Adding [systemProperties] PropertySource with lowest search precedence
04:02:53.889 [main] DEBUG org.springframework.core.env.StandardEnvironment - Adding [systemEnvironment] PropertySource with lowest search precedence
04:02:53.890 [main] DEBUG org.springframework.core.env.StandardEnvironment - Initialized StandardEnvironment with PropertySources [systemProperties,systemEnvironment]
04:02:53.891 [main] DEBUG org.springframework.core.io.support.PathMatchingResourcePatternResolver - Resolved classpath location [com/cointribe/communication/preferences/controller/] to resources [URL [file:/E:/Softwares/springboot/boot-workspace/preferences/target/test-classes/com/cointribe/communication/preferences/controller/], URL [file:/E:/Softwares/springboot/boot-workspace/preferences/target/classes/com/cointribe/communication/preferences/controller/]]
04:02:53.891 [main] DEBUG org.springframework.core.io.support.PathMatchingResourcePatternResolver - Looking for matching resources in directory tree [E:\Softwares\springboot\boot-workspace\preferences\target\test-classes\com\cointribe\communication\preferences\controller]
04:02:53.892 [main] DEBUG org.springframework.core.io.support.PathMatchingResourcePatternResolver - Searching directory [E:\Softwares\springboot\boot-workspace\preferences\target\test-classes\com\cointribe\communication\preferences\controller] for files matching pattern [E:/Softwares/springboot/boot-workspace/preferences/target/test-classes/com/cointribe/communication/preferences/controller/*.class]
04:02:53.894 [main] DEBUG org.springframework.core.io.support.PathMatchingResourcePatternResolver - Looking for matching resources in directory tree [E:\Softwares\springboot\boot-workspace\preferences\target\classes\com\cointribe\communication\preferences\controller]
04:02:53.894 [main] DEBUG org.springframework.core.io.support.PathMatchingResourcePatternResolver - Searching directory [E:\Softwares\springboot\boot-workspace\preferences\target\classes\com\cointribe\communication\preferences\controller] for files matching pattern [E:/Softwares/springboot/boot-workspace/preferences/target/classes/com/cointribe/communication/preferences/controller/*.class]
04:02:53.896 [main] DEBUG org.springframework.core.io.support.PathMatchingResourcePatternResolver - Resolved location pattern [classpath*:com/cointribe/communication/preferences/controller/*.class] to resources [file [E:\Softwares\springboot\boot-workspace\preferences\target\test-classes\com\cointribe\communication\preferences\controller\PreferencesControllerTest.class], file [E:\Softwares\springboot\boot-workspace\preferences\target\classes\com\cointribe\communication\preferences\controller\PreferencesController.class]]
04:02:53.901 [main] DEBUG org.springframework.core.io.support.PathMatchingResourcePatternResolver - Resolved classpath location [com/cointribe/communication/preferences/] to resources [URL [file:/E:/Softwares/springboot/boot-workspace/preferences/target/test-classes/com/cointribe/communication/preferences/], URL [file:/E:/Softwares/springboot/boot-workspace/preferences/target/classes/com/cointribe/communication/preferences/]]
04:02:53.902 [main] DEBUG org.springframework.core.io.support.PathMatchingResourcePatternResolver - Looking for matching resources in directory tree [E:\Softwares\springboot\boot-workspace\preferences\target\test-classes\com\cointribe\communication\preferences]
04:02:53.902 [main] DEBUG org.springframework.core.io.support.PathMatchingResourcePatternResolver - Searching directory [E:\Softwares\springboot\boot-workspace\preferences\target\test-classes\com\cointribe\communication\preferences] for files matching pattern [E:/Softwares/springboot/boot-workspace/preferences/target/test-classes/com/cointribe/communication/preferences/*.class]
04:02:53.903 [main] DEBUG org.springframework.core.io.support.PathMatchingResourcePatternResolver - Looking for matching resources in directory tree [E:\Softwares\springboot\boot-workspace\preferences\target\classes\com\cointribe\communication\preferences]
04:02:53.904 [main] DEBUG org.springframework.core.io.support.PathMatchingResourcePatternResolver - Searching directory [E:\Softwares\springboot\boot-workspace\preferences\target\classes\com\cointribe\communication\preferences] for files matching pattern [E:/Softwares/springboot/boot-workspace/preferences/target/classes/com/cointribe/communication/preferences/*.class]
04:02:53.905 [main] DEBUG org.springframework.core.io.support.PathMatchingResourcePatternResolver - Resolved location pattern [classpath*:com/cointribe/communication/preferences/*.class] to resources []
04:02:53.906 [main] DEBUG org.springframework.core.io.support.PathMatchingResourcePatternResolver - Resolved classpath location [com/cointribe/communication/] to resources [URL [file:/E:/Softwares/springboot/boot-workspace/preferences/target/test-classes/com/cointribe/communication/], URL [file:/E:/Softwares/springboot/boot-workspace/preferences/target/classes/com/cointribe/communication/]]
04:02:53.906 [main] DEBUG org.springframework.core.io.support.PathMatchingResourcePatternResolver - Looking for matching resources in directory tree [E:\Softwares\springboot\boot-workspace\preferences\target\test-classes\com\cointribe\communication]
04:02:53.907 [main] DEBUG org.springframework.core.io.support.PathMatchingResourcePatternResolver - Searching directory [E:\Softwares\springboot\boot-workspace\preferences\target\test-classes\com\cointribe\communication] for files matching pattern [E:/Softwares/springboot/boot-workspace/preferences/target/test-classes/com/cointribe/communication/*.class]
04:02:53.908 [main] DEBUG org.springframework.core.io.support.PathMatchingResourcePatternResolver - Looking for matching resources in directory tree [E:\Softwares\springboot\boot-workspace\preferences\target\classes\com\cointribe\communication]
04:02:53.909 [main] DEBUG org.springframework.core.io.support.PathMatchingResourcePatternResolver - Searching directory [E:\Softwares\springboot\boot-workspace\preferences\target\classes\com\cointribe\communication] for files matching pattern [E:/Softwares/springboot/boot-workspace/preferences/target/classes/com/cointribe/communication/*.class]
04:02:53.910 [main] DEBUG org.springframework.core.io.support.PathMatchingResourcePatternResolver - Resolved location pattern [classpath*:com/cointribe/communication/*.class] to resources []
04:02:53.912 [main] DEBUG org.springframework.core.io.support.PathMatchingResourcePatternResolver - Resolved classpath location [com/cointribe/] to resources [URL [file:/E:/Softwares/springboot/boot-workspace/preferences/target/test-classes/com/cointribe/], URL [file:/E:/Softwares/springboot/boot-workspace/preferences/target/classes/com/cointribe/]]
04:02:53.913 [main] DEBUG org.springframework.core.io.support.PathMatchingResourcePatternResolver - Looking for matching resources in directory tree [E:\Softwares\springboot\boot-workspace\preferences\target\test-classes\com\cointribe]
04:02:53.914 [main] DEBUG org.springframework.core.io.support.PathMatchingResourcePatternResolver - Searching directory [E:\Softwares\springboot\boot-workspace\preferences\target\test-classes\com\cointribe] for files matching pattern [E:/Softwares/springboot/boot-workspace/preferences/target/test-classes/com/cointribe/*.class]
04:02:53.916 [main] DEBUG org.springframework.core.io.support.PathMatchingResourcePatternResolver - Looking for matching resources in directory tree [E:\Softwares\springboot\boot-workspace\preferences\target\classes\com\cointribe]
04:02:53.916 [main] DEBUG org.springframework.core.io.support.PathMatchingResourcePatternResolver - Searching directory [E:\Softwares\springboot\boot-workspace\preferences\target\classes\com\cointribe] for files matching pattern [E:/Softwares/springboot/boot-workspace/preferences/target/classes/com/cointribe/*.class]
04:02:53.918 [main] DEBUG org.springframework.core.io.support.PathMatchingResourcePatternResolver - Resolved location pattern [classpath*:com/cointribe/*.class] to resources []
04:02:53.919 [main] DEBUG org.springframework.core.io.support.PathMatchingResourcePatternResolver - Resolved classpath location [com/] to resources [URL [file:/E:/Softwares/springboot/boot-workspace/preferences/target/test-classes/com/], URL [file:/E:/Softwares/springboot/boot-workspace/preferences/target/classes/com/], URL [jar:file:/C:/Users/a.ikball/.m2/repository/com/fasterxml/classmate/1.3.3/classmate-1.3.3.jar!/com/], URL [jar:file:/C:/Users/a.ikball/.m2/repository/com/fasterxml/jackson/core/jackson-databind/2.8.4/jackson-databind-2.8.4.jar!/com/], URL [jar:file:/C:/Users/a.ikball/.m2/repository/com/fasterxml/jackson/core/jackson-annotations/2.8.4/jackson-annotations-2.8.4.jar!/com/], URL [jar:file:/C:/Users/a.ikball/.m2/repository/com/fasterxml/jackson/core/jackson-core/2.8.4/jackson-core-2.8.4.jar!/com/], URL [jar:file:/C:/Users/a.ikball/.m2/repository/mysql/mysql-connector-java/5.1.40/mysql-connector-java-5.1.40.jar!/com/], URL [jar:file:/C:/Users/a.ikball/.m2/repository/com/jayway/jsonpath/json-path/2.2.0/json-path-2.2.0.jar!/com/]]
04:02:53.920 [main] DEBUG org.springframework.core.io.support.PathMatchingResourcePatternResolver - Looking for matching resources in directory tree [E:\Softwares\springboot\boot-workspace\preferences\target\test-classes\com]
04:02:53.920 [main] DEBUG org.springframework.core.io.support.PathMatchingResourcePatternResolver - Searching directory [E:\Softwares\springboot\boot-workspace\preferences\target\test-classes\com] for files matching pattern [E:/Softwares/springboot/boot-workspace/preferences/target/test-classes/com/*.class]
04:02:53.921 [main] DEBUG org.springframework.core.io.support.PathMatchingResourcePatternResolver - Looking for matching resources in directory tree [E:\Softwares\springboot\boot-workspace\preferences\target\classes\com]
04:02:53.921 [main] DEBUG org.springframework.core.io.support.PathMatchingResourcePatternResolver - Searching directory [E:\Softwares\springboot\boot-workspace\preferences\target\classes\com] for files matching pattern [E:/Softwares/springboot/boot-workspace/preferences/target/classes/com/*.class]
04:02:53.923 [main] DEBUG org.springframework.core.io.support.PathMatchingResourcePatternResolver - Looking for matching resources in jar file [file:/C:/Users/a.ikball/.m2/repository/com/fasterxml/classmate/1.3.3/classmate-1.3.3.jar]
04:02:53.925 [main] DEBUG org.springframework.core.io.support.PathMatchingResourcePatternResolver - Looking for matching resources in jar file [file:/C:/Users/a.ikball/.m2/repository/com/fasterxml/jackson/core/jackson-databind/2.8.4/jackson-databind-2.8.4.jar]
04:02:53.935 [main] DEBUG org.springframework.core.io.support.PathMatchingResourcePatternResolver - Looking for matching resources in jar file [file:/C:/Users/a.ikball/.m2/repository/com/fasterxml/jackson/core/jackson-annotations/2.8.4/jackson-annotations-2.8.4.jar]
04:02:53.937 [main] DEBUG org.springframework.core.io.support.PathMatchingResourcePatternResolver - Looking for matching resources in jar file [file:/C:/Users/a.ikball/.m2/repository/com/fasterxml/jackson/core/jackson-core/2.8.4/jackson-core-2.8.4.jar]
04:02:53.939 [main] DEBUG org.springframework.core.io.support.PathMatchingResourcePatternResolver - Looking for matching resources in jar file [file:/C:/Users/a.ikball/.m2/repository/mysql/mysql-connector-java/5.1.40/mysql-connector-java-5.1.40.jar]
04:02:53.949 [main] DEBUG org.springframework.core.io.support.PathMatchingResourcePatternResolver - Looking for matching resources in jar file [file:/C:/Users/a.ikball/.m2/repository/com/jayway/jsonpath/json-path/2.2.0/json-path-2.2.0.jar]
04:02:53.952 [main] DEBUG org.springframework.core.io.support.PathMatchingResourcePatternResolver - Resolved location pattern [classpath*:com/*.class] to resources []
]]></system-out>
  </testcase>
</testsuite>